<?xml version="1.0" ?>
<!DOCTYPE coverage SYSTEM "http://cobertura.sourceforge.net/xml/coverage-04.dtd">
<coverage lines-valid="97" lines-covered="65" line-rate="0.6701" branches-valid="61" branches-covered="36" branch-rate="0.5901" timestamp="1784248117818" complexity="0" version="0.1">
  <sources>
    <source>C:/Forza/ProyectoIA-Forza/PeoplePortal-FrontEnd-Colaborador</source>
  </sources>
  <packages>
    <package name="src" line-rate="1" branch-rate="1">
      <classes>
        <class name="keycloak.js" filename="src\keycloak.js" line-rate="1" branch-rate="1">
          <methods>
          </methods>
          <lines>
            <line number="3" hits="9" branch="false"/>
          </lines>
        </class>
      </classes>
    </package>
    <package name="src.api" line-rate="0.4736" branch-rate="0.4545">
      <classes>
        <class name="announcements.js" filename="src\api\announcements.js" line-rate="1" branch-rate="1">
          <methods>
            <method name="(anonymous_0)" hits="1" signature="()V">
              <lines>
                <line number="3" hits="1"/>
              </lines>
            </method>
          </methods>
          <lines>
            <line number="3" hits="1" branch="false"/>
          </lines>
        </class>
        <class name="benefits.js" filename="src\api\benefits.js" line-rate="1" branch-rate="1">
          <methods>
            <method name="(anonymous_0)" hits="1" signature="()V">
              <lines>
                <line number="3" hits="1"/>
              </lines>
            </method>
          </methods>
          <lines>
            <line number="3" hits="1" branch="false"/>
          </lines>
        </class>
        <class name="client.js" filename="src\api\client.js" line-rate="0.2916" branch-rate="0.4545">
          <methods>
            <method name="(anonymous_0)" hits="2" signature="()V">
              <lines>
                <line number="10" hits="2"/>
              </lines>
            </method>
            <method name="(anonymous_1)" hits="0" signature="()V">
              <lines>
                <line number="29" hits="0"/>
              </lines>
            </method>
            <method name="(anonymous_2)" hits="0" signature="()V">
              <lines>
                <line number="31" hits="0"/>
              </lines>
            </method>
          </methods>
          <lines>
            <line number="4" hits="6" branch="false"/>
            <line number="10" hits="6" branch="false"/>
            <line number="11" hits="2" branch="true" condition-coverage="50% (1/2)"/>
            <line number="12" hits="0" branch="false"/>
            <line number="13" hits="0" branch="false"/>
            <line number="14" hits="0" branch="false"/>
            <line number="17" hits="0" branch="false"/>
            <line number="18" hits="0" branch="false"/>
            <line number="20" hits="0" branch="false"/>
            <line number="22" hits="2" branch="false"/>
            <line number="23" hits="2" branch="true" condition-coverage="100% (2/2)"/>
            <line number="25" hits="2" branch="false"/>
            <line number="29" hits="6" branch="false"/>
            <line number="30" hits="0" branch="false"/>
            <line number="32" hits="0" branch="false"/>
            <line number="33" hits="0" branch="true" condition-coverage="0% (0/5)"/>
            <line number="34" hits="0" branch="false"/>
            <line number="35" hits="0" branch="false"/>
            <line number="36" hits="0" branch="false"/>
            <line number="37" hits="0" branch="false"/>
            <line number="38" hits="0" branch="false"/>
            <line number="39" hits="0" branch="false"/>
            <line number="41" hits="0" branch="false"/>
            <line number="44" hits="0" branch="false"/>
          </lines>
        </class>
        <class name="dashboard.js" filename="src\api\dashboard.js" line-rate="1" branch-rate="1">
          <methods>
            <method name="(anonymous_0)" hits="1" signature="()V">
              <lines>
                <line number="3" hits="1"/>
              </lines>
            </method>
          </methods>
          <lines>
            <line number="3" hits="1" branch="false"/>
          </lines>
        </class>
        <class name="documents.js" filename="src\api\documents.js" line-rate="1" branch-rate="1">
          <methods>
            <method name="(anonymous_0)" hits="1" signature="()V">
              <lines>
                <line number="3" hits="1"/>
              </lines>
            </method>
          </methods>
          <lines>
            <line number="3" hits="1" branch="false"/>
          </lines>
        </class>
        <class name="employees.js" filename="src\api\employees.js" line-rate="1" branch-rate="1">
          <methods>
            <method name="(anonymous_0)" hits="1" signature="()V">
              <lines>
                <line number="3" hits="1"/>
              </lines>
            </method>
            <method name="(anonymous_1)" hits="1" signature="()V">
              <lines>
                <line number="4" hits="1"/>
              </lines>
            </method>
          </methods>
          <lines>
            <line number="3" hits="1" branch="false"/>
            <line number="4" hits="1" branch="false"/>
          </lines>
        </class>
        <class name="manager.js" filename="src\api\manager.js" line-rate="0" branch-rate="1">
          <methods>
            <method name="(anonymous_0)" hits="0" signature="()V">
              <lines>
                <line number="3" hits="0"/>
              </lines>
            </method>
            <method name="(anonymous_1)" hits="0" signature="()V">
              <lines>
                <line number="4" hits="0"/>
              </lines>
            </method>
          </methods>
          <lines>
            <line number="3" hits="0" branch="false"/>
            <line number="4" hits="0" branch="false"/>
          </lines>
        </class>
        <class name="nomina.js" filename="src\api\nomina.js" line-rate="0" branch-rate="1">
          <methods>
            <method name="(anonymous_0)" hits="0" signature="()V">
              <lines>
                <line number="3" hits="0"/>
              </lines>
            </method>
          </methods>
          <lines>
            <line number="3" hits="0" branch="false"/>
          </lines>
        </class>
        <class name="requests.js" filename="src\api\requests.js" line-rate="1" branch-rate="1">
          <methods>
            <method name="(anonymous_0)" hits="1" signature="()V">
              <lines>
                <line number="3" hits="1"/>
              </lines>
            </method>
            <method name="(anonymous_1)" hits="1" signature="()V">
              <lines>
                <line number="4" hits="1"/>
              </lines>
            </method>
            <method name="(anonymous_2)" hits="1" signature="()V">
              <lines>
                <line number="5" hits="1"/>
              </lines>
            </method>
            <method name="(anonymous_3)" hits="1" signature="()V">
              <lines>
                <line number="6" hits="1"/>
              </lines>
            </method>
            <method name="(anonymous_4)" hits="1" signature="()V">
              <lines>
                <line number="7" hits="1"/>
              </lines>
            </method>
          </methods>
          <lines>
            <line number="3" hits="2" branch="false"/>
            <line number="4" hits="2" branch="false"/>
            <line number="5" hits="2" branch="false"/>
            <line number="6" hits="2" branch="false"/>
            <line number="7" hits="2" branch="false"/>
          </lines>
        </class>
      </classes>
    </package>
    <package name="src.components" line-rate="0.7317" branch-rate="0.4705">
      <classes>
        <class name="Layout.jsx" filename="src\components\Layout.jsx" line-rate="0.7317" branch-rate="0.4705">
          <methods>
            <method name="Layout" hits="6" signature="()V">
              <lines>
                <line number="41" hits="6"/>
              </lines>
            </method>
            <method name="(anonymous_1)" hits="0" signature="()V">
              <lines>
                <line number="61" hits="0"/>
              </lines>
            </method>
            <method name="(anonymous_2)" hits="0" signature="()V">
              <lines>
                <line number="62" hits="0"/>
              </lines>
            </method>
            <method name="(anonymous_3)" hits="0" signature="()V">
              <lines>
                <line number="63" hits="0"/>
              </lines>
            </method>
            <method name="(anonymous_4)" hits="0" signature="()V">
              <lines>
                <line number="64" hits="0"/>
              </lines>
            </method>
            <method name="(anonymous_5)" hits="0" signature="()V">
              <lines>
                <line number="69" hits="0"/>
              </lines>
            </method>
            <method name="(anonymous_6)" hits="0" signature="()V">
              <lines>
                <line number="70" hits="0"/>
              </lines>
            </method>
            <method name="(anonymous_7)" hits="0" signature="()V">
              <lines>
                <line number="71" hits="0"/>
              </lines>
            </method>
            <method name="(anonymous_8)" hits="6" signature="()V">
              <lines>
                <line number="76" hits="6"/>
              </lines>
            </method>
            <method name="(anonymous_9)" hits="42" signature="()V">
              <lines>
                <line number="117" hits="42"/>
              </lines>
            </method>
            <method name="(anonymous_10)" hits="0" signature="()V">
              <lines>
                <line number="121" hits="0"/>
              </lines>
            </method>
            <method name="(anonymous_11)" hits="6" signature="()V">
              <lines>
                <line number="151" hits="6"/>
              </lines>
            </method>
            <method name="(anonymous_12)" hits="0" signature="()V">
              <lines>
                <line number="157" hits="0"/>
              </lines>
            </method>
            <method name="(anonymous_13)" hits="0" signature="()V">
              <lines>
                <line number="172" hits="0"/>
              </lines>
            </method>
            <method name="(anonymous_14)" hits="0" signature="()V">
              <lines>
                <line number="176" hits="0"/>
              </lines>
            </method>
            <method name="(anonymous_15)" hits="0" signature="()V">
              <lines>
                <line number="180" hits="0"/>
              </lines>
            </method>
          </methods>
          <lines>
            <line number="29" hits="1" branch="false"/>
            <line number="31" hits="1" branch="false"/>
            <line number="42" hits="6" branch="false"/>
            <line number="43" hits="6" branch="false"/>
            <line number="44" hits="6" branch="false"/>
            <line number="45" hits="6" branch="false"/>
            <line number="46" hits="6" branch="false"/>
            <line number="48" hits="6" branch="false"/>
            <line number="49" hits="6" branch="false"/>
            <line number="50" hits="6" branch="false"/>
            <line number="53" hits="6" branch="true" condition-coverage="100% (2/2)"/>
            <line number="54" hits="6" branch="false"/>
            <line number="56" hits="6" branch="false"/>
            <line number="61" hits="6" branch="false"/>
            <line number="62" hits="6" branch="false"/>
            <line number="63" hits="6" branch="false"/>
            <line number="64" hits="6" branch="false"/>
            <line number="65" hits="0" branch="false"/>
            <line number="66" hits="0" branch="false"/>
            <line number="69" hits="6" branch="false"/>
            <line number="70" hits="6" branch="false"/>
            <line number="71" hits="6" branch="false"/>
            <line number="72" hits="0" branch="false"/>
            <line number="73" hits="0" branch="false"/>
            <line number="76" hits="6" branch="false"/>
            <line number="77" hits="6" branch="true" condition-coverage="50% (1/2)"/>
            <line number="78" hits="0" branch="true" condition-coverage="0% (0/2)"/>
            <line number="79" hits="0" branch="false"/>
            <line number="82" hits="6" branch="false"/>
            <line number="83" hits="6" branch="true" condition-coverage="33.33333333333333% (1/3)"/>
            <line number="84" hits="6" branch="true" condition-coverage="50% (1/2)"/>
            <line number="85" hits="6" branch="false"/>
            <line number="88" hits="6" branch="false"/>
            <line number="118" hits="42" branch="false"/>
            <line number="121" hits="0" branch="false"/>
            <line number="132" hits="6" branch="false"/>
            <line number="151" hits="6" branch="true" condition-coverage="50% (1/2)"/>
            <line number="157" hits="0" branch="false"/>
            <line number="172" hits="0" branch="false"/>
            <line number="176" hits="0" branch="false"/>
            <line number="180" hits="0" branch="false"/>
          </lines>
        </class>
      </classes>
    </package>
    <package name="src.pages.Dashboard" line-rate="0.9411" branch-rate="0.6774">
      <classes>
        <class name="Dashboard.jsx" filename="src\pages\Dashboard\Dashboard.jsx" line-rate="0.9411" branch-rate="0.6774">
          <methods>
            <method name="StatCard" hits="15" signature="()V">
              <lines>
                <line number="11" hits="15"/>
              </lines>
            </method>
            <method name="Dashboard" hits="10" signature="()V">
              <lines>
                <line number="40" hits="10"/>
              </lines>
            </method>
            <method name="(anonymous_2)" hits="5" signature="()V">
              <lines>
                <line number="46" hits="5"/>
              </lines>
            </method>
            <method name="(anonymous_3)" hits="3" signature="()V">
              <lines>
                <line number="48" hits="3"/>
              </lines>
            </method>
            <method name="(anonymous_4)" hits="2" signature="()V">
              <lines>
                <line number="49" hits="2"/>
              </lines>
            </method>
            <method name="(anonymous_5)" hits="5" signature="()V">
              <lines>
                <line number="50" hits="5"/>
              </lines>
            </method>
            <method name="(anonymous_6)" hits="4" signature="()V">
              <lines>
                <line number="140" hits="4"/>
              </lines>
            </method>
            <method name="(anonymous_7)" hits="0" signature="()V">
              <lines>
                <line number="176" hits="0"/>
              </lines>
            </method>
          </methods>
          <lines>
            <line number="12" hits="15" branch="false"/>
            <line number="41" hits="10" branch="false"/>
            <line number="42" hits="10" branch="false"/>
            <line number="43" hits="10" branch="false"/>
            <line number="44" hits="10" branch="false"/>
            <line number="46" hits="10" branch="false"/>
            <line number="47" hits="5" branch="false"/>
            <line number="48" hits="3" branch="false"/>
            <line number="49" hits="2" branch="false"/>
            <line number="50" hits="5" branch="false"/>
            <line number="53" hits="10" branch="false"/>
            <line number="54" hits="10" branch="true" condition-coverage="33.33333333333333% (1/3)"/>
            <line number="56" hits="10" branch="true" condition-coverage="100% (2/2)"/>
            <line number="57" hits="2" branch="false"/>
            <line number="84" hits="8" branch="false"/>
            <line number="141" hits="4" branch="false"/>
            <line number="177" hits="0" branch="false"/>
          </lines>
        </class>
      </classes>
    </package>
  </packages>
</coverage>
