{"total": {"lines":{"total":57,"covered":52,"skipped":0,"pct":91.22},"statements":{"total":72,"covered":63,"skipped":0,"pct":87.5},"functions":{"total":28,"covered":21,"skipped":0,"pct":75},"branches":{"total":44,"covered":27,"skipped":0,"pct":61.36},"branchesTrue":{"total":0,"covered":0,"skipped":0,"pct":100}}
,"C:\\Forza\\ProyectoIA-Forza\\PeoplePortal-FrontEnd-Colaborador\\src\\keycloak.js": {"lines":{"total":1,"covered":1,"skipped":0,"pct":100},"functions":{"total":0,"covered":0,"skipped":0,"pct":100},"statements":{"total":1,"covered":1,"skipped":0,"pct":100},"branches":{"total":2,"covered":2,"skipped":0,"pct":100}}
,"C:\\Forza\\ProyectoIA-Forza\\PeoplePortal-FrontEnd-Colaborador\\src\\api\\announcements.js": {"lines":{"total":1,"covered":1,"skipped":0,"pct":100},"functions":{"total":1,"covered":1,"skipped":0,"pct":100},"statements":{"total":2,"covered":2,"skipped":0,"pct":100},"branches":{"total":0,"covered":0,"skipped":0,"pct":100}}
,"C:\\Forza\\ProyectoIA-Forza\\PeoplePortal-FrontEnd-Colaborador\\src\\api\\benefits.js": {"lines":{"total":1,"covered":1,"skipped":0,"pct":100},"functions":{"total":1,"covered":1,"skipped":0,"pct":100},"statements":{"total":2,"covered":2,"skipped":0,"pct":100},"branches":{"total":0,"covered":0,"skipped":0,"pct":100}}
,"C:\\Forza\\ProyectoIA-Forza\\PeoplePortal-FrontEnd-Colaborador\\src\\api\\client.js": {"lines":{"total":6,"covered":6,"skipped":0,"pct":100},"functions":{"total":1,"covered":1,"skipped":0,"pct":100},"statements":{"total":6,"covered":6,"skipped":0,"pct":100},"branches":{"total":4,"covered":4,"skipped":0,"pct":100}}
,"C:\\Forza\\ProyectoIA-Forza\\PeoplePortal-FrontEnd-Colaborador\\src\\api\\dashboard.js": {"lines":{"total":1,"covered":1,"skipped":0,"pct":100},"functions":{"total":1,"covered":1,"skipped":0,"pct":100},"statements":{"total":2,"covered":2,"skipped":0,"pct":100},"branches":{"total":0,"covered":0,"skipped":0,"pct":100}}
,"C:\\Forza\\ProyectoIA-Forza\\PeoplePortal-FrontEnd-Colaborador\\src\\api\\documents.js": {"lines":{"total":1,"covered":1,"skipped":0,"pct":100},"functions":{"total":1,"covered":1,"skipped":0,"pct":100},"statements":{"total":2,"covered":2,"skipped":0,"pct":100},"branches":{"total":0,"covered":0,"skipped":0,"pct":100}}
,"C:\\Forza\\ProyectoIA-Forza\\PeoplePortal-FrontEnd-Colaborador\\src\\api\\employees.js": {"lines":{"total":2,"covered":2,"skipped":0,"pct":100},"functions":{"total":2,"covered":2,"skipped":0,"pct":100},"statements":{"total":4,"covered":4,"skipped":0,"pct":100},"branches":{"total":0,"covered":0,"skipped":0,"pct":100}}
,"C:\\Forza\\ProyectoIA-Forza\\PeoplePortal-FrontEnd-Colaborador\\src\\api\\requests.js": {"lines":{"total":5,"covered":5,"skipped":0,"pct":100},"functions":{"total":5,"covered":5,"skipped":0,"pct":100},"statements":{"total":10,"covered":10,"skipped":0,"pct":100},"branches":{"total":0,"covered":0,"skipped":0,"pct":100}}
,"C:\\Forza\\ProyectoIA-Forza\\PeoplePortal-FrontEnd-Colaborador\\src\\components\\Layout.jsx": {"lines":{"total":22,"covered":19,"skipped":0,"pct":86.36},"functions":{"total":8,"covered":3,"skipped":0,"pct":37.5},"statements":{"total":26,"covered":19,"skipped":0,"pct":73.07},"branches":{"total":7,"covered":3,"skipped":0,"pct":42.85}}
,"C:\\Forza\\ProyectoIA-Forza\\PeoplePortal-FrontEnd-Colaborador\\src\\pages\\Dashboard\\Dashboard.jsx": {"lines":{"total":17,"covered":15,"skipped":0,"pct":88.23},"functions":{"total":8,"covered":6,"skipped":0,"pct":75},"statements":{"total":17,"covered":15,"skipped":0,"pct":88.23},"branches":{"total":31,"covered":18,"skipped":0,"pct":58.06}}
}
